{"environment":"development","level":"error","message":"Database connection failed:","service":"nbfc-backend","timestamp":"2025-12-11T12:49:01.373Z","version":"1.0.0"}
{"environment":"development","level":"error","message":"Database connection failed:","service":"nbfc-backend","timestamp":"2025-12-11T12:51:37.756Z","version":"1.0.0"}
{"environment":"development","level":"error","message":"Database connection failed:","service":"nbfc-backend","timestamp":"2025-12-11T12:53:06.732Z","version":"1.0.0"}
{"environment":"development","level":"error","message":"Database connection failed:","service":"nbfc-backend","timestamp":"2025-12-11T12:54:53.875Z","version":"1.0.0"}
{"environment":"development","level":"error","message":"Database connection failed:","service":"nbfc-backend","timestamp":"2025-12-11T12:56:01.891Z","version":"1.0.0"}
{"environment":"development","level":"error","message":"Database connection failed:","service":"nbfc-backend","timestamp":"2025-12-11T12:56:26.124Z","version":"1.0.0"}
{"environment":"development","level":"info","message":"MongoDB Atlas Connected: ac-2kllwts-shard-00-00.1ed6kd1.mongodb.net","service":"nbfc-backend","timestamp":"2025-12-11T12:57:56.662Z","version":"1.0.0"}
{"environment":"development","level":"info","message":"MongoDB Atlas Connected: ac-2kllwts-shard-00-01.1ed6kd1.mongodb.net","service":"nbfc-backend","timestamp":"2025-12-11T12:58:11.209Z","version":"1.0.0"}
{"environment":"development","level":"info","message":"MongoDB Atlas Connected: ac-2kllwts-shard-00-01.1ed6kd1.mongodb.net","service":"nbfc-backend","timestamp":"2025-12-11T12:58:37.641Z","version":"1.0.0"}
{"code":"ECONNREFUSED","environment":"development","level":"error","message":"Redis connection error:","service":"nbfc-backend","stack":"AggregateError [ECONNREFUSED]: \n    at internalConnectMultiple (node:net:1134:18)\n    at afterConnectMultiple (node:net:1715:7)","timestamp":"2025-12-11T12:58:37.891Z","version":"1.0.0"}
{"environment":"development","level":"warn","message":"Redis connection closed","service":"nbfc-backend","timestamp":"2025-12-11T12:58:37.892Z","version":"1.0.0"}
{"code":"ECONNREFUSED","environment":"development","level":"error","message":"Redis connection error:","service":"nbfc-backend","stack":"AggregateError [ECONNREFUSED]: \n    at internalConnectMultiple (node:net:1134:18)\n    at afterConnectMultiple (node:net:1715:7)","timestamp":"2025-12-11T12:58:37.950Z","version":"1.0.0"}
{"environment":"development","level":"warn","message":"Redis connection closed","service":"nbfc-backend","timestamp":"2025-12-11T12:58:37.951Z","version":"1.0.0"}
{"code":"ECONNREFUSED","environment":"development","level":"error","message":"Redis connection error:","service":"nbfc-backend","stack":"AggregateError [ECONNREFUSED]: \n    at internalConnectMultiple (node:net:1134:18)\n    at afterConnectMultiple (node:net:1715:7)","timestamp":"2025-12-11T12:58:38.055Z","version":"1.0.0"}
{"environment":"development","level":"warn","message":"Redis connection closed","service":"nbfc-backend","timestamp":"2025-12-11T12:58:38.056Z","version":"1.0.0"}
{"code":"ECONNREFUSED","environment":"development","level":"error","message":"Redis connection error:","service":"nbfc-backend","stack":"AggregateError [ECONNREFUSED]: \n    at internalConnectMultiple (node:net:1134:18)\n    at afterConnectMultiple (node:net:1715:7)","timestamp":"2025-12-11T12:58:38.211Z","version":"1.0.0"}
{"environment":"development","level":"warn","message":"Redis connection closed","service":"nbfc-backend","timestamp":"2025-12-11T12:58:38.212Z","version":"1.0.0"}
{"environment":"development","level":"info","message":"::ffff:127.0.0.1 - - [11/Dec/2025:12:58:38 +0000] \"GET /health HTTP/1.1\" 200 432 \"-\" \"-\"","service":"nbfc-backend","timestamp":"2025-12-11T12:58:38.223Z","version":"1.0.0"}
{"environment":"development","level":"info","message":"::ffff:127.0.0.1 - - [11/Dec/2025:12:58:38 +0000] \"GET /metrics HTTP/1.1\" 200 - \"-\" \"-\"","service":"nbfc-backend","timestamp":"2025-12-11T12:58:38.286Z","version":"1.0.0"}
{"environment":"development","level":"info","message":"MongoDB Atlas Connected: ac-2kllwts-shard-00-02.1ed6kd1.mongodb.net","service":"nbfc-backend","timestamp":"2025-12-11T13:00:02.886Z","version":"1.0.0"}
{"environment":"development","level":"info","message":"Server running on port 5000","service":"nbfc-backend","timestamp":"2025-12-11T13:00:02.902Z","version":"1.0.0"}
{"environment":"development","level":"info","message":"Health check: http://localhost:5000/health","service":"nbfc-backend","timestamp":"2025-12-11T13:00:02.902Z","version":"1.0.0"}
{"environment":"development","level":"info","message":"Metrics: http://localhost:5000/metrics","service":"nbfc-backend","timestamp":"2025-12-11T13:00:02.903Z","version":"1.0.0"}
{"environment":"development","level":"info","message":"MongoDB Atlas Connected: ac-2kllwts-shard-00-00.1ed6kd1.mongodb.net","service":"nbfc-backend","timestamp":"2025-12-12T06:59:55.478Z","version":"1.0.0"}
{"environment":"development","level":"info","message":"Server running on port 5000","service":"nbfc-backend","timestamp":"2025-12-12T06:59:55.488Z","version":"1.0.0"}
{"environment":"development","level":"info","message":"Health check: http://localhost:5000/health","service":"nbfc-backend","timestamp":"2025-12-12T06:59:55.488Z","version":"1.0.0"}
{"environment":"development","level":"info","message":"Metrics: http://localhost:5000/metrics","service":"nbfc-backend","timestamp":"2025-12-12T06:59:55.489Z","version":"1.0.0"}
{"environment":"development","level":"info","message":"MongoDB Atlas Connected: ac-2kllwts-shard-00-01.1ed6kd1.mongodb.net","service":"nbfc-backend","timestamp":"2025-12-12T07:00:06.608Z","version":"1.0.0"}
{"environment":"development","level":"info","message":"Server running on port 5000","service":"nbfc-backend","timestamp":"2025-12-12T07:00:06.617Z","version":"1.0.0"}
{"environment":"development","level":"info","message":"Health check: http://localhost:5000/health","service":"nbfc-backend","timestamp":"2025-12-12T07:00:06.617Z","version":"1.0.0"}
{"environment":"development","level":"info","message":"Metrics: http://localhost:5000/metrics","service":"nbfc-backend","timestamp":"2025-12-12T07:00:06.618Z","version":"1.0.0"}
{"environment":"development","level":"info","message":"MongoDB Atlas Connected: ac-2kllwts-shard-00-00.1ed6kd1.mongodb.net","service":"nbfc-backend","timestamp":"2025-12-12T07:00:15.838Z","version":"1.0.0"}
{"environment":"development","level":"info","message":"Server running on port 5000","service":"nbfc-backend","timestamp":"2025-12-12T07:00:15.847Z","version":"1.0.0"}
{"environment":"development","level":"info","message":"Health check: http://localhost:5000/health","service":"nbfc-backend","timestamp":"2025-12-12T07:00:15.848Z","version":"1.0.0"}
{"environment":"development","level":"info","message":"Metrics: http://localhost:5000/metrics","service":"nbfc-backend","timestamp":"2025-12-12T07:00:15.848Z","version":"1.0.0"}
{"environment":"development","level":"info","message":"::1 - - [12/Dec/2025:07:03:14 +0000] \"POST /api/v1/auth/login HTTP/1.1\" 401 108 \"http://localhost:5173/\" \"Mozilla/5.0 (Windows NT 10.0; Win64; x64) AppleWebKit/537.36 (KHTML, like Gecko) Chrome/143.0.0.0 Safari/537.36 Edg/143.0.0.0\"","service":"nbfc-backend","timestamp":"2025-12-12T07:03:14.444Z","version":"1.0.0"}
{"environment":"development","level":"info","message":"::1 - - [12/Dec/2025:07:03:32 +0000] \"POST /api/v1/auth/login HTTP/1.1\" 401 108 \"http://localhost:5173/\" \"Mozilla/5.0 (Windows NT 10.0; Win64; x64) AppleWebKit/537.36 (KHTML, like Gecko) Chrome/143.0.0.0 Safari/537.36 Edg/143.0.0.0\"","service":"nbfc-backend","timestamp":"2025-12-12T07:03:32.178Z","version":"1.0.0"}
{"environment":"development","level":"info","message":"MongoDB Atlas Connected: ac-2kllwts-shard-00-01.1ed6kd1.mongodb.net","service":"nbfc-backend","timestamp":"2025-12-12T07:04:39.538Z","version":"1.0.0"}
{"environment":"development","level":"info","message":"Server running on port 5000","service":"nbfc-backend","timestamp":"2025-12-12T07:04:39.557Z","version":"1.0.0"}
{"environment":"development","level":"info","message":"Health check: http://localhost:5000/health","service":"nbfc-backend","timestamp":"2025-12-12T07:04:39.558Z","version":"1.0.0"}
{"environment":"development","level":"info","message":"Metrics: http://localhost:5000/metrics","service":"nbfc-backend","timestamp":"2025-12-12T07:04:39.558Z","version":"1.0.0"}
{"environment":"development","level":"info","message":"MongoDB Atlas Connected: ac-2kllwts-shard-00-02.1ed6kd1.mongodb.net","service":"nbfc-backend","timestamp":"2025-12-12T07:05:08.894Z","version":"1.0.0"}
